#
# There is insufficient memory for the Java Runtime Environment to continue.
# Native memory allocation (mmap) failed to map 264241152 bytes. Error detail: G1 virtual space
# Possible reasons:
#   The system is out of physical RAM or swap space
#   This process is running with CompressedOops enabled, and the Java Heap may be blocking the growth of the native heap
# Possible solutions:
#   Reduce memory load on the system
#   Increase physical memory or swap space
#   Check if swap backing store is full
#   Decrease Java heap size (-Xmx/-Xms)
#   Decrease number of Java threads
#   Decrease Java thread stack sizes (-Xss)
#   Set larger code cache with -XX:ReservedCodeCacheSize=
#   JVM is running with Unscaled Compressed Oops mode in which the Java heap is
#     placed in the first 4GB address space. The Java Heap base address is the
#     maximum limit for the native heap growth. Please use -XX:HeapBaseMinAddress
#     to set the Java Heap base and to place the Java Heap above 4GB virtual address.
# This output file may be truncated or incomplete.
#
#  Out of Memory Error (os_windows.cpp:3710), pid=24484, tid=20128
#
# JRE version:  (17.0.16+8) (build )
# Java VM: OpenJDK 64-Bit Server VM (17.0.16+8-LTS, mixed mode, sharing, tiered, compressed oops, compressed class ptrs, g1 gc, windows-amd64)
# No core dump will be written. Minidumps are not enabled by default on client versions of Windows
#

---------------  S U M M A R Y ------------

Command Line: -Dorg.gradle.internal.worker.tmpdir=D:\Codes\Backend\Spring boot\lost-and-found-api-master\build\tmp\test\work -Xmx512m -Dfile.encoding=windows-1252 -Duser.country=IN -Duser.language=en -Duser.variant -ea worker.org.gradle.process.internal.worker.GradleWorkerMain 'Gradle Test Executor 1'

Host: 13th Gen Intel(R) Core(TM) i5-13420H, 12 cores, 15G,  Windows 11 , 64 bit Build 26100 (10.0.26100.7019)
Time: Fri Nov 21 18:02:36 2025 India Standard Time elapsed time: 0.009835 seconds (0d 0h 0m 0s)

---------------  T H R E A D  ---------------

Current thread (0x000002527abc2de0):  JavaThread "Unknown thread" [_thread_in_vm, id=20128, stack(0x000000bab4600000,0x000000bab4700000)]

Stack: [0x000000bab4600000,0x000000bab4700000]
Native frames: (J=compiled Java code, j=interpreted, Vv=VM code, C=native code)
V  [jvm.dll+0x68ee19]
V  [jvm.dll+0x846249]
V  [jvm.dll+0x847fb8]
V  [jvm.dll+0x848643]
V  [jvm.dll+0x24cf6f]
V  [jvm.dll+0x68bde9]
V  [jvm.dll+0x6803aa]
V  [jvm.dll+0x30ffc0]
V  [jvm.dll+0x30fe62]
V  [jvm.dll+0x3173b9]
V  [jvm.dll+0x3695e9]
V  [jvm.dll+0x36981d]
V  [jvm.dll+0x2e683a]
V  [jvm.dll+0x2e7748]
V  [jvm.dll+0x8186fe]
V  [jvm.dll+0x377251]
V  [jvm.dll+0x7f6d45]
V  [jvm.dll+0x3fd00b]
V  [jvm.dll+0x3fec41]
C  [jli.dll+0x52f0]
C  [ucrtbase.dll+0x37b0]
C  [KERNEL32.DLL+0x2e8d7]
C  [ntdll.dll+0x8c53c]


---------------  P R O C E S S  ---------------

Threads class SMR info:
_java_thread_list=0x00007ffdf27a7018, length=0, elements={
}

Java Threads: ( => current thread )

Other Threads:
  0x000002527abf83c0 GCTaskThread "GC Thread#0" [stack: 0x000000bab4700000,0x000000bab4800000] [id=9016]
  0x000002527abfb2f0 ConcurrentGCThread "G1 Main Marker" [stack: 0x000000bab4800000,0x000000bab4900000] [id=13188]
  0x000002527abfd9f0 ConcurrentGCThread "G1 Conc#0" [stack: 0x000000bab4900000,0x000000bab4a00000] [id=26200]

[error occurred during error reporting (printing all threads), id 0xc0000005, EXCEPTION_ACCESS_VIOLATION (0xc0000005) at pc=0x00007ffdf1f57307]

VM state: not at safepoint (not fully initialized)

VM Mutex/Monitor currently owned by a thread:  ([mutex/lock_event])
[0x000002527abbd120] Heap_lock - owner thread: 0x000002527abc2de0

Heap address: 0x00000000e0000000, size: 512 MB, Compressed Oops mode: 32-bit

CDS archive(s) mapped at: [0x0000000000000000-0x0000000000000000-0x0000000000000000), size 0, SharedBaseAddress: 0x0000000800000000, ArchiveRelocationMode: 1.
Narrow klass base: 0x0000000000000000, Narrow klass shift: 0, Narrow klass range: 0x0

GC Precious Log:
<Empty>

Heap:
 garbage-first heap   total 0K, used 0K [0x00000000e0000000, 0x0000000100000000)
  region size 1024K, 0 young (0K), 0 survivors (0K)

[error occurred during error reporting (printing heap information), id 0xc0000005, EXCEPTION_ACCESS_VIOLATION (0xc0000005) at pc=0x00007ffdf2348979]

GC Heap History (0 events):
No events

Dll operation events (1 events):
Event: 0.006 Loaded shared library D:\Languages\jdk\jdk 17\bin\java.dll

Deoptimization events (0 events):
No events

Classes loaded (0 events):
No events

Classes unloaded (0 events):
No events

Classes redefined (0 events):
No events

Internal exceptions (0 events):
No events

VM Operations (0 events):
No events

Memory protections (0 events):
No events

Nmethod flushes (0 events):
No events

Events (0 events):
No events


Dynamic libraries:
0x00007ff6616d0000 - 0x00007ff6616de000 	D:\Languages\jdk\jdk 17\bin\java.exe
0x00007ffee0aa0000 - 0x00007ffee0d08000 	C:\WINDOWS\SYSTEM32\ntdll.dll
0x00007ffee0040000 - 0x00007ffee0109000 	C:\WINDOWS\System32\KERNEL32.DLL
0x00007ffede440000 - 0x00007ffede838000 	C:\WINDOWS\System32\KERNELBASE.dll
0x00007ffedde60000 - 0x00007ffeddfab000 	C:\WINDOWS\System32\ucrtbase.dll
0x00007ffeac790000 - 0x00007ffeac7a8000 	D:\Languages\jdk\jdk 17\bin\jli.dll
0x00007ffed5a50000 - 0x00007ffed5a6e000 	D:\Languages\jdk\jdk 17\bin\VCRUNTIME140.dll
0x00007ffee04f0000 - 0x00007ffee06b7000 	C:\WINDOWS\System32\USER32.dll
0x00007ffeddfb0000 - 0x00007ffeddfd7000 	C:\WINDOWS\System32\win32u.dll
0x00007ffee04c0000 - 0x00007ffee04eb000 	C:\WINDOWS\System32\GDI32.dll
0x00007ffeddbf0000 - 0x00007ffeddd1c000 	C:\WINDOWS\System32\gdi32full.dll
0x00007ffeddd20000 - 0x00007ffedddc3000 	C:\WINDOWS\System32\msvcp_win.dll
0x00007ffec1a40000 - 0x00007ffec1cd4000 	C:\WINDOWS\WinSxS\amd64_microsoft.windows.common-controls_6595b64144ccf1df_6.0.26100.7019_none_3e06ffa0e335b8a8\COMCTL32.dll
0x00007ffee06d0000 - 0x00007ffee0779000 	C:\WINDOWS\System32\msvcrt.dll
0x00007ffee0190000 - 0x00007ffee01c1000 	C:\WINDOWS\System32\IMM32.DLL
0x00007ffed5a30000 - 0x00007ffed5a3c000 	D:\Languages\jdk\jdk 17\bin\vcruntime140_1.dll
0x00007ffe7e3d0000 - 0x00007ffe7e459000 	D:\Languages\jdk\jdk 17\bin\msvcp140.dll
0x00007ffdf1c60000 - 0x00007ffdf28da000 	D:\Languages\jdk\jdk 17\bin\server\jvm.dll
0x00007ffee0780000 - 0x00007ffee0834000 	C:\WINDOWS\System32\ADVAPI32.dll
0x00007ffee0840000 - 0x00007ffee08e6000 	C:\WINDOWS\System32\sechost.dll
0x00007ffede840000 - 0x00007ffede958000 	C:\WINDOWS\System32\RPCRT4.dll
0x00007ffedf7a0000 - 0x00007ffedf814000 	C:\WINDOWS\System32\WS2_32.dll
0x00007ffecf090000 - 0x00007ffecf0c5000 	C:\WINDOWS\SYSTEM32\WINMM.dll
0x00007ffed2080000 - 0x00007ffed208b000 	C:\WINDOWS\SYSTEM32\VERSION.dll
0x00007ffedc810000 - 0x00007ffedc86e000 	C:\WINDOWS\SYSTEM32\POWRPROF.dll
0x00007ffedc7f0000 - 0x00007ffedc804000 	C:\WINDOWS\SYSTEM32\UMPDC.dll
0x00007ffedcad0000 - 0x00007ffedcaeb000 	C:\WINDOWS\SYSTEM32\kernel.appcore.dll
0x00007ffec9f10000 - 0x00007ffec9f1a000 	D:\Languages\jdk\jdk 17\bin\jimage.dll
0x00007ffedafc0000 - 0x00007ffedb202000 	C:\WINDOWS\SYSTEM32\DBGHELP.DLL
0x00007ffedf820000 - 0x00007ffedfbab000 	C:\WINDOWS\System32\combase.dll
0x00007ffedf630000 - 0x00007ffedf707000 	C:\WINDOWS\System32\OLEAUT32.dll
0x00007ffebf1d0000 - 0x00007ffebf20c000 	C:\WINDOWS\SYSTEM32\dbgcore.DLL
0x00007ffeddfe0000 - 0x00007ffede085000 	C:\WINDOWS\System32\bcryptPrimitives.dll
0x00007ffeabd50000 - 0x00007ffeabd76000 	D:\Languages\jdk\jdk 17\bin\java.dll

dbghelp: loaded successfully - version: 4.0.5 - missing functions: none
symbol engine: initialized successfully - sym options: 0x614 - pdb path: .;D:\Languages\jdk\jdk 17\bin;C:\WINDOWS\SYSTEM32;C:\WINDOWS\WinSxS\amd64_microsoft.windows.common-controls_6595b64144ccf1df_6.0.26100.7019_none_3e06ffa0e335b8a8;D:\Languages\jdk\jdk 17\bin\server

VM Arguments:
jvm_args: -Dorg.gradle.internal.worker.tmpdir=D:\Codes\Backend\Spring boot\lost-and-found-api-master\build\tmp\test\work -Xmx512m -Dfile.encoding=windows-1252 -Duser.country=IN -Duser.language=en -Duser.variant -ea 
java_command: worker.org.gradle.process.internal.worker.GradleWorkerMain 'Gradle Test Executor 1'
java_class_path (initial): C:\Users\avira_5beumhr\.gradle\caches\8.13\workerMain\gradle-worker.jar;D:\Codes\Backend\Spring boot\lost-and-found-api-master\build\classes\kotlin\test;D:\Codes\Backend\Spring boot\lost-and-found-api-master\build\classes\kotlin\main;D:\Codes\Backend\Spring boot\lost-and-found-api-master\build\resources\main;C:\Users\avira_5beumhr\.gradle\caches\modules-2\files-2.1\org.jetbrains.kotlin\kotlin-reflect\1.9.25\73023c38b7b20430232893cf9b556dc8486e07a4\kotlin-reflect-1.9.25.jar;C:\Users\avira_5beumhr\.gradle\caches\modules-2\files-2.1\org.jetbrains.kotlinx\kotlinx-coroutines-reactive\1.8.1\2f13c27465c847461364012da6bd8b4eb0de5082\kotlinx-coroutines-reactive-1.8.1.jar;C:\Users\avira_5beumhr\.gradle\caches\modules-2\files-2.1\org.jetbrains.kotlinx\kotlinx-coroutines-test-jvm\1.8.1\3265a39680512dc93d5b39716d9aaff025833218\kotlinx-coroutines-test-jvm-1.8.1.jar;C:\Users\avira_5beumhr\.gradle\caches\modules-2\files-2.1\org.jetbrains.kotlinx\kotlinx-coroutines-core-jvm\1.8.1\bb0e192bd7c2b6b8217440d36e9758e377e450\kotlinx-coroutines-core-jvm-1.8.1.jar;C:\Users\avira_5beumhr\.gradle\caches\modules-2\files-2.1\org.jetbrains.kotlinx\kotlinx-coroutines-reactor\1.8.1\e15d01225c75a731e8e2aae41dcade5c895249b7\kotlinx-coroutines-reactor-1.8.1.jar;C:\Users\avira_5beumhr\.gradle\caches\modules-2\files-2.1\org.jetbrains.kotlin\kotlin-test-junit5\1.9.25\787558f7e75d14bac4b6e60421d434e66bd20f3f\kotlin-test-junit5-1.9.25.jar;C:\Users\avira_5beumhr\.gradle\caches\modules-2\files-2.1\org.jetbrains.kotlin\kotlin-test\1.9.25\c76017b12cb5cfb74983979149cef7d6c3953e6e\kotlin-test-1.9.25.jar;C:\Users\avira_5beumhr\.gradle\caches\modules-2\files-2.1\org.jetbrains.kotlin\kotlin-stdlib\1.9.25\f700a2f2b8f0d6d0fde48f56d894dc722fb029d7\kotlin-stdlib-1.9.25.jar;C:\Users\avira_5beumhr\.gradle\caches\modules-2\files-2.1\org.springframework.boot\spring-boot-starter-web\3.4.5\54cb03e8615f0c10cd44b5b7d155af3d0be7d66a\spring-boot-starter-web-3.4.5.jar;C:\Users\avira_5beumhr\.gradle\ca
Launcher Type: SUN_STANDARD

[Global flags]
     intx CICompilerCount                          = 4                                         {product} {ergonomic}
     uint ConcGCThreads                            = 3                                         {product} {ergonomic}
     uint G1ConcRefinementThreads                  = 10                                        {product} {ergonomic}
   size_t G1HeapRegionSize                         = 1048576                                   {product} {ergonomic}
    uintx GCDrainStackTargetSize                   = 64                                        {product} {ergonomic}
   size_t InitialHeapSize                          = 264241152                                 {product} {ergonomic}
   size_t MarkStackSize                            = 4194304                                   {product} {ergonomic}
   size_t MaxHeapSize                              = 536870912                                 {product} {command line}
   size_t MinHeapDeltaBytes                        = 1048576                                   {product} {ergonomic}
   size_t MinHeapSize                              = 8388608                                   {product} {ergonomic}
    uintx NonNMethodCodeHeapSize                   = 5839372                                {pd product} {ergonomic}
    uintx NonProfiledCodeHeapSize                  = 122909434                              {pd product} {ergonomic}
    uintx ProfiledCodeHeapSize                     = 122909434                              {pd product} {ergonomic}
    uintx ReservedCodeCacheSize                    = 251658240                              {pd product} {ergonomic}
     bool SegmentedCodeCache                       = true                                      {product} {ergonomic}
   size_t SoftMaxHeapSize                          = 536870912                              {manageable} {ergonomic}
     bool UseCompressedClassPointers               = true                           {product lp64_product} {ergonomic}
     bool UseCompressedOops                        = true                           {product lp64_product} {ergonomic}
     bool UseG1GC                                  = true                                      {product} {ergonomic}
     bool UseLargePagesIndividualAllocation        = false                                  {pd product} {ergonomic}

Logging:
Log output configuration:
 #0: stdout all=warning uptime,level,tags
 #1: stderr all=off uptime,level,tags

Environment Variables:
JAVA_HOME=D:\Languages\jdk\jdk 17
CLASSPATH=D:\Codes\Backend\Spring boot\lost-and-found-api-master\\gradle\wrapper\gradle-wrapper.jar
PATH=C:\Python313\Scripts\;C:\Python313\;C:\Program Files\glzr.io\GlazeWM\\cli;C:\Windows\system32;C:\Windows;C:\Windows\System32\Wbem;C:\Windows\System32\WindowsPowerShell\v1.0\;C:\Windows\System32\OpenSSH\;C:\Program Files (x86)\NVIDIA Corporation\PhysX\Common;C:\WINDOWS\system32;C:\WINDOWS;C:\WINDOWS\System32\Wbem;C:\WINDOWS\System32\WindowsPowerShell\v1.0\;C:\WINDOWS\System32\OpenSSH\;C:\Program Files\Git\cmd;D:\Languages\NodeJs\;D:\Languages\jdk\bin;;C:\ProgramData\chocolatey\bin;C:\Program Files\NVIDIA Corporation\NVIDIA App\NvDLISR;C:\Users\avira_5beumhr\.cargo\bin;C:\Users\avira_5beumhr\AppData\Local\Microsoft\WindowsApps;D:\Intellijn Idea\IntelliJ IDEA Community Edition 2025.2.2\bin;D:\vs code\Microsoft VS Code\bin;D:\Zed\Zed Nightly\bin;C:\Users\avira_5beumhr\AppData\Roaming\npm;D:\Languages\jdk\bin;
USERNAME=avira_5beumhr
OS=Windows_NT
PROCESSOR_IDENTIFIER=Intel64 Family 6 Model 186 Stepping 2, GenuineIntel
TMP=C:\Users\AVIRA_~1\AppData\Local\Temp
TEMP=C:\Users\AVIRA_~1\AppData\Local\Temp



Periodic native trim disabled


---------------  S Y S T E M  ---------------

OS:
 Windows 11 , 64 bit Build 26100 (10.0.26100.7019)
OS uptime: 0 days 4:37 hours
Hyper-V role detected

CPU: total 12 (initial active 12) (6 cores per cpu, 2 threads per core) family 6 model 186 stepping 2 microcode 0x5103, cx8, cmov, fxsr, ht, mmx, 3dnowpref, sse, sse2, sse3, ssse3, sse4.1, sse4.2, popcnt, lzcnt, tsc, tscinvbit, avx, avx2, aes, erms, clmul, bmi1, bmi2, adx, sha, fma, vzeroupper, clflush, clflushopt, clwb, hv
Processor Information for the first 12 processors :
  Max Mhz: 2100, Current Mhz: 2100, Mhz Limit: 2100

Memory: 4k page, system-wide physical 16087M (811M free)
TotalPageFile size 27380M (AvailPageFile size 66M)
current process WorkingSet (physical memory assigned to process): 12M, peak: 12M
current process commit charge ("private bytes"): 64M, peak: 316M

vm_info: OpenJDK 64-Bit Server VM (17.0.16+8-LTS) for windows-amd64 JRE (17.0.16+8-LTS), built on Jul 10 2025 00:24:24 by "MicrosoftCorporation" with unknown MS VC++:1944

END.
