#
# There is insufficient memory for the Java Runtime Environment to continue.
# Native memory allocation (malloc) failed to allocate 551072 bytes. Error detail: Chunk::new
# Possible reasons:
#   The system is out of physical RAM or swap space
#   This process is running with CompressedOops enabled, and the Java Heap may be blocking the growth of the native heap
# Possible solutions:
#   Reduce memory load on the system
#   Increase physical memory or swap space
#   Check if swap backing store is full
#   Decrease Java heap size (-Xmx/-Xms)
#   Decrease number of Java threads
#   Decrease Java thread stack sizes (-Xss)
#   Set larger code cache with -XX:ReservedCodeCacheSize=
#   JVM is running with Unscaled Compressed Oops mode in which the Java heap is
#     placed in the first 4GB address space. The Java Heap base address is the
#     maximum limit for the native heap growth. Please use -XX:HeapBaseMinAddress
#     to set the Java Heap base and to place the Java Heap above 4GB virtual address.
# This output file may be truncated or incomplete.
#
#  Out of Memory Error (arena.cpp:191), pid=21616, tid=5564
#
# JRE version: OpenJDK Runtime Environment Microsoft-11926163 (17.0.16+8) (build 17.0.16+8-LTS)
# Java VM: OpenJDK 64-Bit Server VM Microsoft-11926163 (17.0.16+8-LTS, mixed mode, sharing, tiered, compressed oops, compressed class ptrs, g1 gc, windows-amd64)
# No core dump will be written. Minidumps are not enabled by default on client versions of Windows
#

---------------  S U M M A R Y ------------

Command Line: -Xmx64m -Xms64m -Dorg.gradle.appname=gradlew org.gradle.wrapper.GradleWrapperMain clean

Host: 13th Gen Intel(R) Core(TM) i5-13420H, 12 cores, 15G,  Windows 11 , 64 bit Build 26100 (10.0.26100.7019)
Time: Fri Nov 21 18:04:51 2025 India Standard Time elapsed time: 0.303505 seconds (0d 0h 0m 0s)

---------------  T H R E A D  ---------------

Current thread (0x0000028d4818fd80):  JavaThread "C2 CompilerThread0" daemon [_thread_in_native, id=5564, stack(0x0000009bbba00000,0x0000009bbbb00000)]


Current CompileTask:
C2:    303  508       4       java.util.HashSet::add (20 bytes)

Stack: [0x0000009bbba00000,0x0000009bbbb00000]
Native frames: (J=compiled Java code, j=interpreted, Vv=VM code, C=native code)
V  [jvm.dll+0x68ee19]
V  [jvm.dll+0x846249]
V  [jvm.dll+0x847fb8]
V  [jvm.dll+0x848643]
V  [jvm.dll+0x24cf6f]
V  [jvm.dll+0xaecb6]
V  [jvm.dll+0xaf35c]
V  [jvm.dll+0x37139e]
V  [jvm.dll+0x33b7a5]
V  [jvm.dll+0x33ac0a]
V  [jvm.dll+0x21df29]
V  [jvm.dll+0x21d36d]
V  [jvm.dll+0x1a8ce6]
V  [jvm.dll+0x22db1b]
V  [jvm.dll+0x22bca6]
V  [jvm.dll+0x7fba9b]
V  [jvm.dll+0x7f5e9c]
V  [jvm.dll+0x68dd27]
C  [ucrtbase.dll+0x37b0]
C  [KERNEL32.DLL+0x2e8d7]
C  [ntdll.dll+0x8c53c]


---------------  P R O C E S S  ---------------

Threads class SMR info:
_java_thread_list=0x0000028d484ca720, length=14, elements={
0x0000028d2bffe950, 0x0000028d2e3bb8f0, 0x0000028d2e3bc4b0, 0x0000028d4818c290,
0x0000028d4818dc60, 0x0000028d4818e620, 0x0000028d4818efe0, 0x0000028d4818fd80,
0x0000028d4819f9b0, 0x0000028d481c05d0, 0x0000028d482f2170, 0x0000028d482f35b0,
0x0000028d4864ba40, 0x0000028d484a6130
}

Java Threads: ( => current thread )
  0x0000028d2bffe950 JavaThread "main" [_thread_in_Java, id=29500, stack(0x0000009bbad00000,0x0000009bbae00000)]
  0x0000028d2e3bb8f0 JavaThread "Reference Handler" daemon [_thread_blocked, id=25064, stack(0x0000009bbb400000,0x0000009bbb500000)]
  0x0000028d2e3bc4b0 JavaThread "Finalizer" daemon [_thread_blocked, id=23532, stack(0x0000009bbb500000,0x0000009bbb600000)]
  0x0000028d4818c290 JavaThread "Signal Dispatcher" daemon [_thread_blocked, id=20208, stack(0x0000009bbb600000,0x0000009bbb700000)]
  0x0000028d4818dc60 JavaThread "Attach Listener" daemon [_thread_blocked, id=29776, stack(0x0000009bbb700000,0x0000009bbb800000)]
  0x0000028d4818e620 JavaThread "Service Thread" daemon [_thread_blocked, id=31252, stack(0x0000009bbb800000,0x0000009bbb900000)]
  0x0000028d4818efe0 JavaThread "Monitor Deflation Thread" daemon [_thread_blocked, id=24432, stack(0x0000009bbb900000,0x0000009bbba00000)]
=>0x0000028d4818fd80 JavaThread "C2 CompilerThread0" daemon [_thread_in_native, id=5564, stack(0x0000009bbba00000,0x0000009bbbb00000)]
  0x0000028d4819f9b0 JavaThread "C1 CompilerThread0" daemon [_thread_blocked, id=26652, stack(0x0000009bbbb00000,0x0000009bbbc00000)]
  0x0000028d481c05d0 JavaThread "Sweeper thread" daemon [_thread_blocked, id=31672, stack(0x0000009bbbc00000,0x0000009bbbd00000)]
  0x0000028d482f2170 JavaThread "Notification Thread" daemon [_thread_blocked, id=29080, stack(0x0000009bbbd00000,0x0000009bbbe00000)]
  0x0000028d482f35b0 JavaThread "Common-Cleaner" daemon [_thread_blocked, id=27400, stack(0x0000009bbbf00000,0x0000009bbc000000)]
  0x0000028d4864ba40 JavaThread "C2 CompilerThread1" daemon [_thread_in_native, id=29464, stack(0x0000009bbc000000,0x0000009bbc100000)]
  0x0000028d484a6130 JavaThread "C2 CompilerThread2" daemon [_thread_in_native, id=28244, stack(0x0000009bbc100000,0x0000009bbc200000)]

Other Threads:
  0x0000028d2e3b8020 VMThread "VM Thread" [stack: 0x0000009bbb300000,0x0000009bbb400000] [id=10292]
  0x0000028d482f7520 WatcherThread [stack: 0x0000009bbbe00000,0x0000009bbbf00000] [id=24688]
  0x0000028d2e325a00 GCTaskThread "GC Thread#0" [stack: 0x0000009bbae00000,0x0000009bbaf00000] [id=21668]
  0x0000028d489f6dd0 GCTaskThread "GC Thread#1" [stack: 0x0000009bbc200000,0x0000009bbc300000] [id=23388]
  0x0000028d48546840 GCTaskThread "GC Thread#2" [stack: 0x0000009bbc300000,0x0000009bbc400000] [id=20352]
  0x0000028d487ba360 GCTaskThread "GC Thread#3" [stack: 0x0000009bbc400000,0x0000009bbc500000] [id=20280]
  0x0000028d2e327150 ConcurrentGCThread "G1 Main Marker" [stack: 0x0000009bbaf00000,0x0000009bbb000000] [id=25104]
  0x0000028d2e328840 ConcurrentGCThread "G1 Conc#0" [stack: 0x0000009bbb000000,0x0000009bbb100000] [id=14544]
  0x0000028d2e39a4e0 ConcurrentGCThread "G1 Refine#0" [stack: 0x0000009bbb100000,0x0000009bbb200000] [id=16048]
  0x0000028d2e39cdd0 ConcurrentGCThread "G1 Service" [stack: 0x0000009bbb200000,0x0000009bbb300000] [id=25668]

Threads with active compile tasks:
C2 CompilerThread0      314  508       4       java.util.HashSet::add (20 bytes)
C2 CompilerThread1      314  530       4       org.gradle.internal.classpath.DefaultClassPath$ImmutableUniqueList::get (57 bytes)
C2 CompilerThread2      314  588       4       java.lang.StringBuilder::append (8 bytes)

VM state: not at safepoint (normal execution)

VM Mutex/Monitor currently owned by a thread: None

Heap address: 0x00000000fc000000, size: 64 MB, Compressed Oops mode: 32-bit

CDS archive(s) mapped at: [0x0000028d49000000-0x0000028d49bb0000-0x0000028d49bb0000), size 12255232, SharedBaseAddress: 0x0000028d49000000, ArchiveRelocationMode: 1.
Compressed class space mapped at: 0x0000028d4a000000-0x0000028d8a000000, reserved size: 1073741824
Narrow klass base: 0x0000028d49000000, Narrow klass shift: 0, Narrow klass range: 0x100000000

GC Precious Log:
 CPUs: 12 total, 12 available
 Memory: 16087M
 Large Page Support: Disabled
 NUMA Support: Disabled
 Compressed Oops: Enabled (32-bit)
 Heap Region Size: 1M
 Heap Min Capacity: 64M
 Heap Initial Capacity: 64M
 Heap Max Capacity: 64M
 Pre-touch: Disabled
 Parallel Workers: 10
 Concurrent Workers: 3
 Concurrent Refinement Workers: 10
 Periodic GC: Disabled

Heap:
 garbage-first heap   total 65536K, used 2208K [0x00000000fc000000, 0x0000000100000000)
  region size 1024K, 4 young (4096K), 3 survivors (3072K)
 Metaspace       used 1762K, committed 1856K, reserved 1114112K
  class space    used 161K, committed 192K, reserved 1048576K

Heap Regions: E=young(eden), S=young(survivor), O=old, HS=humongous(starts), HC=humongous(continues), CS=collection set, F=free, OA=open archive, CA=closed archive, TAMS=top-at-mark-start (previous, next)
|   0|0x00000000fc000000, 0x00000000fc000000, 0x00000000fc100000|  0%| F|  |TAMS 0x00000000fc000000, 0x00000000fc000000| Untracked 
|   1|0x00000000fc100000, 0x00000000fc100000, 0x00000000fc200000|  0%| F|  |TAMS 0x00000000fc100000, 0x00000000fc100000| Untracked 
|   2|0x00000000fc200000, 0x00000000fc200000, 0x00000000fc300000|  0%| F|  |TAMS 0x00000000fc200000, 0x00000000fc200000| Untracked 
|   3|0x00000000fc300000, 0x00000000fc300000, 0x00000000fc400000|  0%| F|  |TAMS 0x00000000fc300000, 0x00000000fc300000| Untracked 
|   4|0x00000000fc400000, 0x00000000fc400000, 0x00000000fc500000|  0%| F|  |TAMS 0x00000000fc400000, 0x00000000fc400000| Untracked 
|   5|0x00000000fc500000, 0x00000000fc500000, 0x00000000fc600000|  0%| F|  |TAMS 0x00000000fc500000, 0x00000000fc500000| Untracked 
|   6|0x00000000fc600000, 0x00000000fc600000, 0x00000000fc700000|  0%| F|  |TAMS 0x00000000fc600000, 0x00000000fc600000| Untracked 
|   7|0x00000000fc700000, 0x00000000fc700000, 0x00000000fc800000|  0%| F|  |TAMS 0x00000000fc700000, 0x00000000fc700000| Untracked 
|   8|0x00000000fc800000, 0x00000000fc800000, 0x00000000fc900000|  0%| F|  |TAMS 0x00000000fc800000, 0x00000000fc800000| Untracked 
|   9|0x00000000fc900000, 0x00000000fc900000, 0x00000000fca00000|  0%| F|  |TAMS 0x00000000fc900000, 0x00000000fc900000| Untracked 
|  10|0x00000000fca00000, 0x00000000fca00000, 0x00000000fcb00000|  0%| F|  |TAMS 0x00000000fca00000, 0x00000000fca00000| Untracked 
|  11|0x00000000fcb00000, 0x00000000fcb00000, 0x00000000fcc00000|  0%| F|  |TAMS 0x00000000fcb00000, 0x00000000fcb00000| Untracked 
|  12|0x00000000fcc00000, 0x00000000fcc00000, 0x00000000fcd00000|  0%| F|  |TAMS 0x00000000fcc00000, 0x00000000fcc00000| Untracked 
|  13|0x00000000fcd00000, 0x00000000fcd00000, 0x00000000fce00000|  0%| F|  |TAMS 0x00000000fcd00000, 0x00000000fcd00000| Untracked 
|  14|0x00000000fce00000, 0x00000000fce00000, 0x00000000fcf00000|  0%| F|  |TAMS 0x00000000fce00000, 0x00000000fce00000| Untracked 
|  15|0x00000000fcf00000, 0x00000000fcf00000, 0x00000000fd000000|  0%| F|  |TAMS 0x00000000fcf00000, 0x00000000fcf00000| Untracked 
|  16|0x00000000fd000000, 0x00000000fd000000, 0x00000000fd100000|  0%| F|  |TAMS 0x00000000fd000000, 0x00000000fd000000| Untracked 
|  17|0x00000000fd100000, 0x00000000fd100000, 0x00000000fd200000|  0%| F|  |TAMS 0x00000000fd100000, 0x00000000fd100000| Untracked 
|  18|0x00000000fd200000, 0x00000000fd200000, 0x00000000fd300000|  0%| F|  |TAMS 0x00000000fd200000, 0x00000000fd200000| Untracked 
|  19|0x00000000fd300000, 0x00000000fd300000, 0x00000000fd400000|  0%| F|  |TAMS 0x00000000fd300000, 0x00000000fd300000| Untracked 
|  20|0x00000000fd400000, 0x00000000fd400000, 0x00000000fd500000|  0%| F|  |TAMS 0x00000000fd400000, 0x00000000fd400000| Untracked 
|  21|0x00000000fd500000, 0x00000000fd500000, 0x00000000fd600000|  0%| F|  |TAMS 0x00000000fd500000, 0x00000000fd500000| Untracked 
|  22|0x00000000fd600000, 0x00000000fd600000, 0x00000000fd700000|  0%| F|  |TAMS 0x00000000fd600000, 0x00000000fd600000| Untracked 
|  23|0x00000000fd700000, 0x00000000fd700000, 0x00000000fd800000|  0%| F|  |TAMS 0x00000000fd700000, 0x00000000fd700000| Untracked 
|  24|0x00000000fd800000, 0x00000000fd800000, 0x00000000fd900000|  0%| F|  |TAMS 0x00000000fd800000, 0x00000000fd800000| Untracked 
|  25|0x00000000fd900000, 0x00000000fd900000, 0x00000000fda00000|  0%| F|  |TAMS 0x00000000fd900000, 0x00000000fd900000| Untracked 
|  26|0x00000000fda00000, 0x00000000fda00000, 0x00000000fdb00000|  0%| F|  |TAMS 0x00000000fda00000, 0x00000000fda00000| Untracked 
|  27|0x00000000fdb00000, 0x00000000fdb00000, 0x00000000fdc00000|  0%| F|  |TAMS 0x00000000fdb00000, 0x00000000fdb00000| Untracked 
|  28|0x00000000fdc00000, 0x00000000fdc00000, 0x00000000fdd00000|  0%| F|  |TAMS 0x00000000fdc00000, 0x00000000fdc00000| Untracked 
|  29|0x00000000fdd00000, 0x00000000fdd00000, 0x00000000fde00000|  0%| F|  |TAMS 0x00000000fdd00000, 0x00000000fdd00000| Untracked 
|  30|0x00000000fde00000, 0x00000000fde00000, 0x00000000fdf00000|  0%| F|  |TAMS 0x00000000fde00000, 0x00000000fde00000| Untracked 
|  31|0x00000000fdf00000, 0x00000000fdf00000, 0x00000000fe000000|  0%| F|  |TAMS 0x00000000fdf00000, 0x00000000fdf00000| Untracked 
|  32|0x00000000fe000000, 0x00000000fe000000, 0x00000000fe100000|  0%| F|  |TAMS 0x00000000fe000000, 0x00000000fe000000| Untracked 
|  33|0x00000000fe100000, 0x00000000fe100000, 0x00000000fe200000|  0%| F|  |TAMS 0x00000000fe100000, 0x00000000fe100000| Untracked 
|  34|0x00000000fe200000, 0x00000000fe200000, 0x00000000fe300000|  0%| F|  |TAMS 0x00000000fe200000, 0x00000000fe200000| Untracked 
|  35|0x00000000fe300000, 0x00000000fe300000, 0x00000000fe400000|  0%| F|  |TAMS 0x00000000fe300000, 0x00000000fe300000| Untracked 
|  36|0x00000000fe400000, 0x00000000fe400000, 0x00000000fe500000|  0%| F|  |TAMS 0x00000000fe400000, 0x00000000fe400000| Untracked 
|  37|0x00000000fe500000, 0x00000000fe500000, 0x00000000fe600000|  0%| F|  |TAMS 0x00000000fe500000, 0x00000000fe500000| Untracked 
|  38|0x00000000fe600000, 0x00000000fe628000, 0x00000000fe700000| 15%| S|CS|TAMS 0x00000000fe600000, 0x00000000fe600000| Complete 
|  39|0x00000000fe700000, 0x00000000fe800000, 0x00000000fe800000|100%| S|CS|TAMS 0x00000000fe700000, 0x00000000fe700000| Complete 
|  40|0x00000000fe800000, 0x00000000fe900000, 0x00000000fe900000|100%| S|CS|TAMS 0x00000000fe800000, 0x00000000fe800000| Complete 
|  41|0x00000000fe900000, 0x00000000fe900000, 0x00000000fea00000|  0%| F|  |TAMS 0x00000000fe900000, 0x00000000fe900000| Untracked 
|  42|0x00000000fea00000, 0x00000000fea00000, 0x00000000feb00000|  0%| F|  |TAMS 0x00000000fea00000, 0x00000000fea00000| Untracked 
|  43|0x00000000feb00000, 0x00000000feb00000, 0x00000000fec00000|  0%| F|  |TAMS 0x00000000feb00000, 0x00000000feb00000| Untracked 
|  44|0x00000000fec00000, 0x00000000fec00000, 0x00000000fed00000|  0%| F|  |TAMS 0x00000000fec00000, 0x00000000fec00000| Untracked 
|  45|0x00000000fed00000, 0x00000000fed00000, 0x00000000fee00000|  0%| F|  |TAMS 0x00000000fed00000, 0x00000000fed00000| Untracked 
|  46|0x00000000fee00000, 0x00000000fee00000, 0x00000000fef00000|  0%| F|  |TAMS 0x00000000fee00000, 0x00000000fee00000| Untracked 
|  47|0x00000000fef00000, 0x00000000fef00000, 0x00000000ff000000|  0%| F|  |TAMS 0x00000000fef00000, 0x00000000fef00000| Untracked 
|  48|0x00000000ff000000, 0x00000000ff000000, 0x00000000ff100000|  0%| F|  |TAMS 0x00000000ff000000, 0x00000000ff000000| Untracked 
|  49|0x00000000ff100000, 0x00000000ff100000, 0x00000000ff200000|  0%| F|  |TAMS 0x00000000ff100000, 0x00000000ff100000| Untracked 
|  50|0x00000000ff200000, 0x00000000ff200000, 0x00000000ff300000|  0%| F|  |TAMS 0x00000000ff200000, 0x00000000ff200000| Untracked 
|  51|0x00000000ff300000, 0x00000000ff300000, 0x00000000ff400000|  0%| F|  |TAMS 0x00000000ff300000, 0x00000000ff300000| Untracked 
|  52|0x00000000ff400000, 0x00000000ff400000, 0x00000000ff500000|  0%| F|  |TAMS 0x00000000ff400000, 0x00000000ff400000| Untracked 
|  53|0x00000000ff500000, 0x00000000ff500000, 0x00000000ff600000|  0%| F|  |TAMS 0x00000000ff500000, 0x00000000ff500000| Untracked 
|  54|0x00000000ff600000, 0x00000000ff600000, 0x00000000ff700000|  0%| F|  |TAMS 0x00000000ff600000, 0x00000000ff600000| Untracked 
|  55|0x00000000ff700000, 0x00000000ff700000, 0x00000000ff800000|  0%| F|  |TAMS 0x00000000ff700000, 0x00000000ff700000| Untracked 
|  56|0x00000000ff800000, 0x00000000ff800000, 0x00000000ff900000|  0%| F|  |TAMS 0x00000000ff800000, 0x00000000ff800000| Untracked 
|  57|0x00000000ff900000, 0x00000000ff900000, 0x00000000ffa00000|  0%| F|  |TAMS 0x00000000ff900000, 0x00000000ff900000| Untracked 
|  58|0x00000000ffa00000, 0x00000000ffa00000, 0x00000000ffb00000|  0%| F|  |TAMS 0x00000000ffa00000, 0x00000000ffa00000| Untracked 
|  59|0x00000000ffb00000, 0x00000000ffb00000, 0x00000000ffc00000|  0%| F|  |TAMS 0x00000000ffb00000, 0x00000000ffb00000| Untracked 
|  60|0x00000000ffc00000, 0x00000000ffc00000, 0x00000000ffd00000|  0%| F|  |TAMS 0x00000000ffc00000, 0x00000000ffc00000| Untracked 
|  61|0x00000000ffd00000, 0x00000000ffd00000, 0x00000000ffe00000|  0%| F|  |TAMS 0x00000000ffd00000, 0x00000000ffd00000| Untracked 
|  62|0x00000000ffe00000, 0x00000000ffe00000, 0x00000000fff00000|  0%| F|  |TAMS 0x00000000ffe00000, 0x00000000ffe00000| Untracked 
|  63|0x00000000fff00000, 0x00000000fff75d50, 0x0000000100000000| 46%| E|  |TAMS 0x00000000fff00000, 0x00000000fff00000| Complete 

Card table byte_map: [0x0000028d2c100000,0x0000028d2c120000] _byte_map_base: 0x0000028d2b920000

Marking Bits (Prev, Next): (CMBitMap*) 0x0000028d2e326020, (CMBitMap*) 0x0000028d2e326060
 Prev Bits: [0x0000028d453b0000, 0x0000028d454b0000)
 Next Bits: [0x0000028d454b0000, 0x0000028d455b0000)

Polling page: 0x0000028d2c0b0000

Metaspace:

Usage:
  Non-class:      1.57 MB used.
      Class:    161.15 KB used.
       Both:      1.73 MB used.

Virtual space:
  Non-class space:       64.00 MB reserved,       1.62 MB (  3%) committed,  1 nodes.
      Class space:        1.00 GB reserved,     192.00 KB ( <1%) committed,  1 nodes.
             Both:        1.06 GB reserved,       1.81 MB ( <1%) committed. 

Chunk freelists:
   Non-Class:  11.71 MB
       Class:  15.69 MB
        Both:  27.41 MB

MaxMetaspaceSize: unlimited
CompressedClassSpaceSize: 1.00 GB
Initial GC threshold: 21.00 MB
Current GC threshold: 21.00 MB
CDS: on
MetaspaceReclaimPolicy: balanced
 - commit_granule_bytes: 65536.
 - commit_granule_words: 8192.
 - virtual_space_node_default_size: 8388608.
 - enlarge_chunks_in_place: 1.
 - new_chunks_are_fully_committed: 0.
 - uncommit_free_chunks: 1.
 - use_allocation_guard: 0.
 - handle_deallocations: 1.


Internal statistics:

num_allocs_failed_limit: 0.
num_arena_births: 14.
num_arena_deaths: 0.
num_vsnodes_births: 2.
num_vsnodes_deaths: 0.
num_space_committed: 29.
num_space_uncommitted: 0.
num_chunks_returned_to_freelist: 0.
num_chunks_taken_from_freelist: 42.
num_chunk_merges: 0.
num_chunk_splits: 22.
num_chunks_enlarged: 14.
num_inconsistent_stats: 0.

CodeHeap 'non-profiled nmethods': size=120000Kb used=225Kb max_used=225Kb free=119774Kb
 bounds [0x0000028d3d930000, 0x0000028d3dba0000, 0x0000028d44e60000]
CodeHeap 'profiled nmethods': size=120000Kb used=955Kb max_used=955Kb free=119044Kb
 bounds [0x0000028d35e60000, 0x0000028d360d0000, 0x0000028d3d390000]
CodeHeap 'non-nmethods': size=5760Kb used=1122Kb max_used=1153Kb free=4637Kb
 bounds [0x0000028d3d390000, 0x0000028d3d600000, 0x0000028d3d930000]
 total_blobs=989 nmethods=587 adapters=315
 compilation: enabled
              stopped_count=0, restarted_count=0
 full_count=0

Compilation events (20 events):
Event: 0.296 Thread 0x0000028d484a6130 nmethod 540 0x0000028d3d962a10 code [0x0000028d3d962ba0, 0x0000028d3d962d78]
Event: 0.296 Thread 0x0000028d484a6130  545       4       java.net.URI::match (56 bytes)
Event: 0.296 Thread 0x0000028d4819f9b0 nmethod 554 0x0000028d35f35810 code [0x0000028d35f35a60, 0x0000028d35f36358]
Event: 0.296 Thread 0x0000028d4819f9b0  555       3       java.lang.Character::isLetterOrDigit (5 bytes)
Event: 0.296 Thread 0x0000028d484a6130 nmethod 545 0x0000028d3d962e90 code [0x0000028d3d963020, 0x0000028d3d963118]
Event: 0.297 Thread 0x0000028d484a6130  518       4       java.io.File::hashCode (8 bytes)
Event: 0.297 Thread 0x0000028d4819f9b0 nmethod 555 0x0000028d35f36790 code [0x0000028d35f36960, 0x0000028d35f36c78]
Event: 0.297 Thread 0x0000028d4819f9b0  556       3       java.lang.Character::isLetterOrDigit (19 bytes)
Event: 0.297 Thread 0x0000028d4819f9b0 nmethod 556 0x0000028d35f36d90 code [0x0000028d35f36f60, 0x0000028d35f37218]
Event: 0.297 Thread 0x0000028d4819f9b0  560       3       java.lang.StringLatin1::regionMatchesCI (98 bytes)
Event: 0.297 Thread 0x0000028d4819f9b0 nmethod 560 0x0000028d35f37310 code [0x0000028d35f37560, 0x0000028d35f37cb8]
Event: 0.297 Thread 0x0000028d4819f9b0  557       1       java.io.File::getPrefixLength (5 bytes)
Event: 0.297 Thread 0x0000028d4819f9b0 nmethod 557 0x0000028d3d963210 code [0x0000028d3d9633a0, 0x0000028d3d963478]
Event: 0.297 Thread 0x0000028d4819f9b0  561       3       java.net.URI::quote (214 bytes)
Event: 0.299 Thread 0x0000028d4819f9b0 nmethod 561 0x0000028d35f38010 code [0x0000028d35f383c0, 0x0000028d35f39b98]
Event: 0.299 Thread 0x0000028d4819f9b0  559       3       java.lang.String::regionMatches (150 bytes)
Event: 0.300 Thread 0x0000028d4819f9b0 nmethod 559 0x0000028d35f3a510 code [0x0000028d35f3a760, 0x0000028d35f3af28]
Event: 0.300 Thread 0x0000028d4819f9b0  564       3       java.io.WinNTFileSystem::normalize (143 bytes)
Event: 0.301 Thread 0x0000028d4819f9b0 nmethod 564 0x0000028d35f3b210 code [0x0000028d35f3b4a0, 0x0000028d35f3c018]
Event: 0.301 Thread 0x0000028d4819f9b0  565   !   3       java.util.zip.ZipFile$Source::checkAndAddEntry (262 bytes)

GC Heap History (0 events):
No events

Dll operation events (7 events):
Event: 0.008 Loaded shared library D:\Languages\jdk\jdk 17\bin\java.dll
Event: 0.037 Loaded shared library D:\Languages\jdk\jdk 17\bin\jsvml.dll
Event: 0.065 Loaded shared library D:\Languages\jdk\jdk 17\bin\net.dll
Event: 0.067 Loaded shared library D:\Languages\jdk\jdk 17\bin\nio.dll
Event: 0.070 Loaded shared library D:\Languages\jdk\jdk 17\bin\zip.dll
Event: 0.073 Loaded shared library D:\Languages\jdk\jdk 17\bin\verify.dll
Event: 0.288 Loaded shared library D:\Languages\jdk\jdk 17\bin\jimage.dll

Deoptimization events (20 events):
Event: 0.216 Thread 0x0000028d2bffe950 Uncommon trap: trap_request=0xffffff45 fr.pc=0x0000028d3d93fbb0 relative=0x0000000000000090
Event: 0.216 Thread 0x0000028d2bffe950 Uncommon trap: reason=unstable_if action=reinterpret pc=0x0000028d3d93fbb0 method=java.util.regex.Pattern.append(II)V @ 9 c2
Event: 0.216 Thread 0x0000028d2bffe950 DEOPT PACKING pc=0x0000028d3d93fbb0 sp=0x0000009bbadfdd80
Event: 0.216 Thread 0x0000028d2bffe950 DEOPT UNPACKING pc=0x0000028d3d3e69a3 sp=0x0000009bbadfdd10 mode 2
Event: 0.255 Thread 0x0000028d2bffe950 DEOPT PACKING pc=0x0000028d35ee7299 sp=0x0000009bbadfdf80
Event: 0.255 Thread 0x0000028d2bffe950 DEOPT UNPACKING pc=0x0000028d3d3e7143 sp=0x0000009bbadfd478 mode 0
Event: 0.272 Thread 0x0000028d2bffe950 DEOPT PACKING pc=0x0000028d35ed8f5e sp=0x0000009bbadfdf90
Event: 0.272 Thread 0x0000028d2bffe950 DEOPT UNPACKING pc=0x0000028d3d3e7143 sp=0x0000009bbadfd480 mode 0
Event: 0.286 Thread 0x0000028d2bffe950 Uncommon trap: trap_request=0xffffff45 fr.pc=0x0000028d3d95e998 relative=0x0000000000000db8
Event: 0.286 Thread 0x0000028d2bffe950 Uncommon trap: reason=unstable_if action=reinterpret pc=0x0000028d3d95e998 method=java.util.HashMap.putVal(ILjava/lang/Object;Ljava/lang/Object;ZZ)Ljava/lang/Object; @ 81 c2
Event: 0.286 Thread 0x0000028d2bffe950 DEOPT PACKING pc=0x0000028d3d95e998 sp=0x0000009bbadfe3f0
Event: 0.286 Thread 0x0000028d2bffe950 DEOPT UNPACKING pc=0x0000028d3d3e69a3 sp=0x0000009bbadfe370 mode 2
Event: 0.299 Thread 0x0000028d2bffe950 Uncommon trap: trap_request=0xffffff45 fr.pc=0x0000028d3d95b68c relative=0x00000000000001ec
Event: 0.299 Thread 0x0000028d2bffe950 Uncommon trap: reason=unstable_if action=reinterpret pc=0x0000028d3d95b68c method=java.io.WinNTFileSystem.normalize(Ljava/lang/String;)Ljava/lang/String; @ 104 c2
Event: 0.299 Thread 0x0000028d2bffe950 DEOPT PACKING pc=0x0000028d3d95b68c sp=0x0000009bbadfdb00
Event: 0.299 Thread 0x0000028d2bffe950 DEOPT UNPACKING pc=0x0000028d3d3e69a3 sp=0x0000009bbadfda88 mode 2
Event: 0.300 Thread 0x0000028d2bffe950 Uncommon trap: trap_request=0xffffff45 fr.pc=0x0000028d3d955c18 relative=0x00000000000005d8
Event: 0.300 Thread 0x0000028d2bffe950 Uncommon trap: reason=unstable_if action=reinterpret pc=0x0000028d3d955c18 method=java.util.zip.ZipFile$Source.checkAndAddEntry(II)I @ 50 c2
Event: 0.300 Thread 0x0000028d2bffe950 DEOPT PACKING pc=0x0000028d3d955c18 sp=0x0000009bbadfd7b0
Event: 0.300 Thread 0x0000028d2bffe950 DEOPT UNPACKING pc=0x0000028d3d3e69a3 sp=0x0000009bbadfd720 mode 2

Classes loaded (20 events):
Event: 0.139 Loading class jdk/internal/access/JavaIOFilePermissionAccess done
Event: 0.139 Loading class java/io/FilePermission$1 done
Event: 0.139 Loading class java/io/FilePermissionCollection
Event: 0.140 Loading class java/io/FilePermissionCollection done
Event: 0.140 Loading class java/util/Vector
Event: 0.140 Loading class java/util/Vector done
Event: 0.140 Loading class java/io/FilePermissionCollection$1
Event: 0.140 Loading class java/io/FilePermissionCollection$1 done
Event: 0.152 Loading class java/net/MalformedURLException
Event: 0.152 Loading class java/net/MalformedURLException done
Event: 0.153 Loading class java/io/FileFilter
Event: 0.153 Loading class java/io/FileFilter done
Event: 0.169 Loading class java/util/AbstractList$Itr
Event: 0.169 Loading class java/util/AbstractList$Itr done
Event: 0.184 Loading class java/lang/invoke/DirectMethodHandle$Special
Event: 0.184 Loading class java/lang/invoke/DirectMethodHandle$Special done
Event: 0.300 Loading class java/io/BufferedReader
Event: 0.301 Loading class java/io/BufferedReader done
Event: 0.301 Loading class sun/nio/cs/StreamDecoder
Event: 0.301 Loading class sun/nio/cs/StreamDecoder done

Classes unloaded (0 events):
No events

Classes redefined (0 events):
No events

Internal exceptions (1 events):
Event: 0.148 Thread 0x0000028d2bffe950 Exception <a 'java/lang/NoSuchMethodError'{0x00000000ffdf6558}: 'int java.lang.invoke.DirectMethodHandle$Holder.invokeStaticInit(java.lang.Object, java.lang.Object)'> (0x00000000ffdf6558) 
thrown [s\src\hotspot\share\interpreter\linkResolver.cpp, line 759]

VM Operations (4 events):
Event: 0.071 Executing VM operation: HandshakeAllThreads
Event: 0.071 Executing VM operation: HandshakeAllThreads done
Event: 0.301 Executing VM operation: HandshakeAllThreads
Event: 0.301 Executing VM operation: HandshakeAllThreads done

Memory protections (0 events):
No events

Nmethod flushes (0 events):
No events

Events (14 events):
Event: 0.037 Thread 0x0000028d2bffe950 Thread added: 0x0000028d2bffe950
Event: 0.039 Thread 0x0000028d2bffe950 Thread added: 0x0000028d2e3bb8f0
Event: 0.039 Thread 0x0000028d2bffe950 Thread added: 0x0000028d2e3bc4b0
Event: 0.048 Thread 0x0000028d2bffe950 Thread added: 0x0000028d4818c290
Event: 0.048 Thread 0x0000028d2bffe950 Thread added: 0x0000028d4818dc60
Event: 0.048 Thread 0x0000028d2bffe950 Thread added: 0x0000028d4818e620
Event: 0.048 Thread 0x0000028d2bffe950 Thread added: 0x0000028d4818efe0
Event: 0.048 Thread 0x0000028d2bffe950 Thread added: 0x0000028d4818fd80
Event: 0.048 Thread 0x0000028d2bffe950 Thread added: 0x0000028d4819f9b0
Event: 0.049 Thread 0x0000028d2bffe950 Thread added: 0x0000028d481c05d0
Event: 0.060 Thread 0x0000028d2bffe950 Thread added: 0x0000028d482f2170
Event: 0.062 Thread 0x0000028d2bffe950 Thread added: 0x0000028d482f35b0
Event: 0.285 Thread 0x0000028d4819f9b0 Thread added: 0x0000028d4864ba40
Event: 0.289 Thread 0x0000028d4819f9b0 Thread added: 0x0000028d484a6130


Dynamic libraries:
0x00007ff6616d0000 - 0x00007ff6616de000 	D:\Languages\jdk\jdk 17\bin\java.exe
0x00007ffee0aa0000 - 0x00007ffee0d08000 	C:\WINDOWS\SYSTEM32\ntdll.dll
0x00007ffee0040000 - 0x00007ffee0109000 	C:\WINDOWS\System32\KERNEL32.DLL
0x00007ffede440000 - 0x00007ffede838000 	C:\WINDOWS\System32\KERNELBASE.dll
0x00007ffedde60000 - 0x00007ffeddfab000 	C:\WINDOWS\System32\ucrtbase.dll
0x00007ffeac790000 - 0x00007ffeac7a8000 	D:\Languages\jdk\jdk 17\bin\jli.dll
0x00007ffed5a50000 - 0x00007ffed5a6e000 	D:\Languages\jdk\jdk 17\bin\VCRUNTIME140.dll
0x00007ffee04f0000 - 0x00007ffee06b7000 	C:\WINDOWS\System32\USER32.dll
0x00007ffeddfb0000 - 0x00007ffeddfd7000 	C:\WINDOWS\System32\win32u.dll
0x00007ffee04c0000 - 0x00007ffee04eb000 	C:\WINDOWS\System32\GDI32.dll
0x00007ffec1a40000 - 0x00007ffec1cd4000 	C:\WINDOWS\WinSxS\amd64_microsoft.windows.common-controls_6595b64144ccf1df_6.0.26100.7019_none_3e06ffa0e335b8a8\COMCTL32.dll
0x00007ffeddbf0000 - 0x00007ffeddd1c000 	C:\WINDOWS\System32\gdi32full.dll
0x00007ffee06d0000 - 0x00007ffee0779000 	C:\WINDOWS\System32\msvcrt.dll
0x00007ffeddd20000 - 0x00007ffedddc3000 	C:\WINDOWS\System32\msvcp_win.dll
0x00007ffee0190000 - 0x00007ffee01c1000 	C:\WINDOWS\System32\IMM32.DLL
0x00007ffed5a30000 - 0x00007ffed5a3c000 	D:\Languages\jdk\jdk 17\bin\vcruntime140_1.dll
0x00007ffe7e3d0000 - 0x00007ffe7e459000 	D:\Languages\jdk\jdk 17\bin\msvcp140.dll
0x00007ffdf1c60000 - 0x00007ffdf28da000 	D:\Languages\jdk\jdk 17\bin\server\jvm.dll
0x00007ffee0780000 - 0x00007ffee0834000 	C:\WINDOWS\System32\ADVAPI32.dll
0x00007ffee0840000 - 0x00007ffee08e6000 	C:\WINDOWS\System32\sechost.dll
0x00007ffede840000 - 0x00007ffede958000 	C:\WINDOWS\System32\RPCRT4.dll
0x00007ffedf7a0000 - 0x00007ffedf814000 	C:\WINDOWS\System32\WS2_32.dll
0x00007ffedc810000 - 0x00007ffedc86e000 	C:\WINDOWS\SYSTEM32\POWRPROF.dll
0x00007ffed2080000 - 0x00007ffed208b000 	C:\WINDOWS\SYSTEM32\VERSION.dll
0x00007ffecf090000 - 0x00007ffecf0c5000 	C:\WINDOWS\SYSTEM32\WINMM.dll
0x00007ffedc7f0000 - 0x00007ffedc804000 	C:\WINDOWS\SYSTEM32\UMPDC.dll
0x00007ffedcad0000 - 0x00007ffedcaeb000 	C:\WINDOWS\SYSTEM32\kernel.appcore.dll
0x00007ffec9f10000 - 0x00007ffec9f1a000 	D:\Languages\jdk\jdk 17\bin\jimage.dll
0x00007ffedafc0000 - 0x00007ffedb202000 	C:\WINDOWS\SYSTEM32\DBGHELP.DLL
0x00007ffedf820000 - 0x00007ffedfbab000 	C:\WINDOWS\System32\combase.dll
0x00007ffedf630000 - 0x00007ffedf707000 	C:\WINDOWS\System32\OLEAUT32.dll
0x00007ffebf1d0000 - 0x00007ffebf20c000 	C:\WINDOWS\SYSTEM32\dbgcore.DLL
0x00007ffeddfe0000 - 0x00007ffede085000 	C:\WINDOWS\System32\bcryptPrimitives.dll
0x00007ffeabd50000 - 0x00007ffeabd76000 	D:\Languages\jdk\jdk 17\bin\java.dll
0x00007ffe7cd80000 - 0x00007ffe7ce56000 	D:\Languages\jdk\jdk 17\bin\jsvml.dll
0x00007ffede960000 - 0x00007ffedf0af000 	C:\WINDOWS\System32\SHELL32.dll
0x00007ffede2d0000 - 0x00007ffede43b000 	C:\WINDOWS\System32\wintypes.dll
0x00007ffedb820000 - 0x00007ffedc07d000 	C:\WINDOWS\SYSTEM32\windows.storage.dll
0x00007ffee0910000 - 0x00007ffee0a02000 	C:\WINDOWS\System32\SHCORE.dll
0x00007ffedf0c0000 - 0x00007ffedf127000 	C:\WINDOWS\System32\shlwapi.dll
0x00007ffeddb10000 - 0x00007ffeddb39000 	C:\WINDOWS\SYSTEM32\profapi.dll
0x00007ffeabc30000 - 0x00007ffeabc4b000 	D:\Languages\jdk\jdk 17\bin\net.dll
0x00007ffed2a60000 - 0x00007ffed2b88000 	C:\WINDOWS\SYSTEM32\WINHTTP.dll
0x00007ffedd040000 - 0x00007ffedd0ab000 	C:\WINDOWS\system32\mswsock.dll
0x00007ffeabc00000 - 0x00007ffeabc16000 	D:\Languages\jdk\jdk 17\bin\nio.dll
0x00007ffeabca0000 - 0x00007ffeabcb8000 	D:\Languages\jdk\jdk 17\bin\zip.dll
0x00007ffeabdf0000 - 0x00007ffeabe00000 	D:\Languages\jdk\jdk 17\bin\verify.dll

dbghelp: loaded successfully - version: 4.0.5 - missing functions: none
symbol engine: initialized successfully - sym options: 0x614 - pdb path: .;D:\Languages\jdk\jdk 17\bin;C:\WINDOWS\SYSTEM32;C:\WINDOWS\WinSxS\amd64_microsoft.windows.common-controls_6595b64144ccf1df_6.0.26100.7019_none_3e06ffa0e335b8a8;D:\Languages\jdk\jdk 17\bin\server

VM Arguments:
jvm_args: -Xmx64m -Xms64m -Dorg.gradle.appname=gradlew 
java_command: org.gradle.wrapper.GradleWrapperMain clean
java_class_path (initial): D:\Codes\Backend\Spring boot\lost-and-found-api-master\\gradle\wrapper\gradle-wrapper.jar
Launcher Type: SUN_STANDARD

[Global flags]
     intx CICompilerCount                          = 4                                         {product} {ergonomic}
     uint ConcGCThreads                            = 3                                         {product} {ergonomic}
     uint G1ConcRefinementThreads                  = 10                                        {product} {ergonomic}
   size_t G1HeapRegionSize                         = 1048576                                   {product} {ergonomic}
    uintx GCDrainStackTargetSize                   = 64                                        {product} {ergonomic}
   size_t InitialHeapSize                          = 67108864                                  {product} {command line}
   size_t MarkStackSize                            = 4194304                                   {product} {ergonomic}
   size_t MaxHeapSize                              = 67108864                                  {product} {command line}
   size_t MaxNewSize                               = 39845888                                  {product} {ergonomic}
   size_t MinHeapDeltaBytes                        = 1048576                                   {product} {ergonomic}
   size_t MinHeapSize                              = 67108864                                  {product} {command line}
    uintx NonNMethodCodeHeapSize                   = 5839372                                {pd product} {ergonomic}
    uintx NonProfiledCodeHeapSize                  = 122909434                              {pd product} {ergonomic}
    uintx ProfiledCodeHeapSize                     = 122909434                              {pd product} {ergonomic}
    uintx ReservedCodeCacheSize                    = 251658240                              {pd product} {ergonomic}
     bool SegmentedCodeCache                       = true                                      {product} {ergonomic}
   size_t SoftMaxHeapSize                          = 67108864                               {manageable} {ergonomic}
     bool UseCompressedClassPointers               = true                           {product lp64_product} {ergonomic}
     bool UseCompressedOops                        = true                           {product lp64_product} {ergonomic}
     bool UseG1GC                                  = true                                      {product} {ergonomic}
     bool UseLargePagesIndividualAllocation        = false                                  {pd product} {ergonomic}

Logging:
Log output configuration:
 #0: stdout all=warning uptime,level,tags
 #1: stderr all=off uptime,level,tags

Environment Variables:
JAVA_HOME=D:\Languages\jdk\jdk 17
CLASSPATH=D:\Codes\Backend\Spring boot\lost-and-found-api-master\\gradle\wrapper\gradle-wrapper.jar
PATH=C:\Python313\Scripts\;C:\Python313\;C:\Program Files\glzr.io\GlazeWM\\cli;C:\Windows\system32;C:\Windows;C:\Windows\System32\Wbem;C:\Windows\System32\WindowsPowerShell\v1.0\;C:\Windows\System32\OpenSSH\;C:\Program Files (x86)\NVIDIA Corporation\PhysX\Common;C:\WINDOWS\system32;C:\WINDOWS;C:\WINDOWS\System32\Wbem;C:\WINDOWS\System32\WindowsPowerShell\v1.0\;C:\WINDOWS\System32\OpenSSH\;C:\Program Files\Git\cmd;D:\Languages\NodeJs\;D:\Languages\jdk\bin;;C:\ProgramData\chocolatey\bin;C:\Program Files\NVIDIA Corporation\NVIDIA App\NvDLISR;C:\Users\avira_5beumhr\.cargo\bin;C:\Users\avira_5beumhr\AppData\Local\Microsoft\WindowsApps;D:\Intellijn Idea\IntelliJ IDEA Community Edition 2025.2.2\bin;D:\vs code\Microsoft VS Code\bin;D:\Zed\Zed Nightly\bin;C:\Users\avira_5beumhr\AppData\Roaming\npm;D:\Languages\jdk\bin;
USERNAME=avira_5beumhr
OS=Windows_NT
PROCESSOR_IDENTIFIER=Intel64 Family 6 Model 186 Stepping 2, GenuineIntel
TMP=C:\Users\AVIRA_~1\AppData\Local\Temp
TEMP=C:\Users\AVIRA_~1\AppData\Local\Temp



Periodic native trim disabled


---------------  S Y S T E M  ---------------

OS:
 Windows 11 , 64 bit Build 26100 (10.0.26100.7019)
OS uptime: 0 days 4:39 hours
Hyper-V role detected

CPU: total 12 (initial active 12) (6 cores per cpu, 2 threads per core) family 6 model 186 stepping 2 microcode 0x5103, cx8, cmov, fxsr, ht, mmx, 3dnowpref, sse, sse2, sse3, ssse3, sse4.1, sse4.2, popcnt, lzcnt, tsc, tscinvbit, avx, avx2, aes, erms, clmul, bmi1, bmi2, adx, sha, fma, vzeroupper, clflush, clflushopt, clwb, hv
Processor Information for the first 12 processors :
  Max Mhz: 2100, Current Mhz: 2100, Mhz Limit: 2100

Memory: 4k page, system-wide physical 16087M (743M free)
TotalPageFile size 27380M (AvailPageFile size 4M)
current process WorkingSet (physical memory assigned to process): 71M, peak: 71M
current process commit charge ("private bytes"): 157M, peak: 157M

vm_info: OpenJDK 64-Bit Server VM (17.0.16+8-LTS) for windows-amd64 JRE (17.0.16+8-LTS), built on Jul 10 2025 00:24:24 by "MicrosoftCorporation" with unknown MS VC++:1944

END.
